<?xml version="1.0" encoding="UTF-8"?>
<testsuite xmlns:xsi="http://www.w3.org/2001/XMLSchema-instance" xsi:noNamespaceSchemaLocation="https://maven.apache.org/surefire/maven-surefire-plugin/xsd/surefire-test-report-3.0.xsd" version="3.0" name="com.kafkaeventdriven.domain.services.OrderServiceOutboxTest" time="8.922" tests="1" errors="0" skipped="0" failures="0">
  <properties>
[...]
</properties>
  <testcase name="atomicRollbackTest" classname="com.kafkaeventdriven.domain.services.OrderServiceOutboxTest" time="0.295">
    <system-out><![CDATA[13:20:46.494 [main] INFO org.springframework.test.context.support.AnnotationConfigContextLoaderUtils -- Could not detect default configuration classes for test class [com.kafkaeventdriven.domain.services.OrderServiceOutboxTest]: OrderServiceOutboxTest does not declare any static, non-private, non-final, nested classes annotated with @Configuration.
13:20:46.668 [main] INFO org.springframework.boot.test.context.SpringBootTestContextBootstrapper -- Found @SpringBootConfiguration com.kafkaeventdriven.domain.DomainApplication for test class com.kafkaeventdriven.domain.services.OrderServiceOutboxTest

  .   ____          _            __ _ _
 /\\ / ___'_ __ _ _(_)_ __  __ _ \ \ \ \
( ( )\___ | '_ | '_| | '_ \/ _` | \ \ \ \
 \\/  ___)| |_)| | | | | || (_| |  ) ) ) )
  '  |____| .__|_| |_|_| |_\__, | / / / /
 =========|_|==============|___/=/_/_/_/
 :: Spring Boot ::                (v3.2.5)

2026-05-12T13:20:47.088+01:00  INFO 24060 --- [domain-service] [           main] c.k.d.services.OrderServiceOutboxTest    : Starting OrderServiceOutboxTest using Java 21.0.9 with PID 24060 (started by shhernandez in C:\Users\shhernandez.INDRA\Documents\kafkaEventiDrivenPlatform\kafka-eventdriven-platform\domain-service)
2026-05-12T13:20:47.089+01:00  INFO 24060 --- [domain-service] [           main] c.k.d.services.OrderServiceOutboxTest    : The following 1 profile is active: "test"
2026-05-12T13:20:48.117+01:00  INFO 24060 --- [domain-service] [           main] .s.d.r.c.RepositoryConfigurationDelegate : Bootstrapping Spring Data JPA repositories in DEFAULT mode.
2026-05-12T13:20:48.206+01:00  INFO 24060 --- [domain-service] [           main] .s.d.r.c.RepositoryConfigurationDelegate : Finished Spring Data repository scanning in 80 ms. Found 6 JPA repository interfaces.
2026-05-12T13:20:49.987+01:00  INFO 24060 --- [domain-service] [           main] o.hibernate.jpa.internal.util.LogHelper  : HHH000204: Processing PersistenceUnitInfo [name: default]
2026-05-12T13:20:50.083+01:00  INFO 24060 --- [domain-service] [           main] org.hibernate.Version                    : HHH000412: Hibernate ORM core version 6.4.4.Final
2026-05-12T13:20:50.141+01:00  INFO 24060 --- [domain-service] [           main] o.h.c.internal.RegionFactoryInitiator    : HHH000026: Second-level cache disabled
2026-05-12T13:20:50.312+01:00  INFO 24060 --- [domain-service] [           main] o.s.o.j.p.SpringPersistenceUnitInfo      : No LoadTimeWeaver setup: ignoring JPA class transformer
2026-05-12T13:20:50.335+01:00  INFO 24060 --- [domain-service] [           main] com.zaxxer.hikari.HikariDataSource       : HikariPool-1 - Starting...
2026-05-12T13:20:50.543+01:00  INFO 24060 --- [domain-service] [           main] com.zaxxer.hikari.pool.HikariPool        : HikariPool-1 - Added connection conn0: url=jdbc:h2:mem:testdb user=SA
2026-05-12T13:20:50.545+01:00  INFO 24060 --- [domain-service] [           main] com.zaxxer.hikari.HikariDataSource       : HikariPool-1 - Start completed.
2026-05-12T13:20:50.597+01:00  WARN 24060 --- [domain-service] [           main] org.hibernate.orm.deprecation            : HHH90000025: H2Dialect does not need to be specified explicitly using 'hibernate.dialect' (remove the property setting and it will be selected by default)
2026-05-12T13:20:51.710+01:00  INFO 24060 --- [domain-service] [           main] o.h.e.t.j.p.i.JtaPlatformInitiator       : HHH000489: No JTA platform available (set 'hibernate.transaction.jta.platform' to enable JTA platform integration)
Hibernate: 
    drop table if exists domain.customers cascade 
Hibernate: 
    drop table if exists domain.dead_letter_events cascade 
Hibernate: 
    drop table if exists domain.order_items cascade 
Hibernate: 
    drop table if exists domain.orders cascade 
Hibernate: 
    drop table if exists domain.outbox_events cascade 
Hibernate: 
    drop table if exists domain.processed_events cascade 
Hibernate: 
    drop table if exists domain.products cascade 
Hibernate: 
    create table domain.customers (
        created_at timestamp(6) with time zone not null,
        updated_at timestamp(6) with time zone not null,
        id uuid not null,
        phone varchar(20),
        name varchar(150) not null,
        email varchar(255) not null unique,
        address jsonb,
        primary key (id)
    )
Hibernate: 
    create table domain.dead_letter_events (
        retry_count integer,
        failed_at timestamp(6) with time zone,
        event_id uuid,
        id uuid not null,
        error_message TEXT,
        event_type varchar(255),
        original_topic varchar(255),
        payload TEXT,
        primary key (id)
    )
Hibernate: 
    create table domain.order_items (
        quantity integer not null,
        subtotal numeric(38,2),
        unit_price numeric(38,2) not null,
        id uuid not null,
        order_id uuid not null,
        product_id uuid not null,
        primary key (id)
    )
Hibernate: 
    create table domain.orders (
        total_amount numeric(38,2) not null,
        created_at timestamp(6) with time zone not null,
        updated_at timestamp(6) with time zone not null,
        customer_id uuid not null,
        id uuid not null,
        notes TEXT,
        status varchar(255) not null check (status in ('PENDING','CONFIRMED','VALIDATED','CANCELLED','PAID','SHIPPED')),
        primary key (id)
    )
Hibernate: 
    create table domain.outbox_events (
        published boolean not null,
        created_at timestamp(6) with time zone,
        published_at timestamp(6) with time zone,
        aggregate_id uuid,
        id uuid not null,
        aggregate_type varchar(255),
        event_type varchar(255),
        payload TEXT,
        primary key (id)
    )
Hibernate: 
    create table domain.processed_events (
        processed_at timestamp(6) with time zone,
        event_id uuid not null,
        event_type varchar(255),
        primary key (event_id)
    )
Hibernate: 
    create table domain.products (
        price numeric(38,2),
        stock integer,
        created_at timestamp(6) with time zone,
        updated_at timestamp(6) with time zone,
        id uuid not null,
        category varchar(255),
        description varchar(255),
        name varchar(255),
        status varchar(255) check (status in ('ACTIVE','INACTIVE','OUT_OF_STOCK')),
        primary key (id)
    )
Hibernate: 
    alter table if exists domain.order_items 
       add constraint FKbioxgbv59vetrxe0ejfubep1w 
       foreign key (order_id) 
       references domain.orders
Hibernate: 
    alter table if exists domain.order_items 
       add constraint FKocimc7dtr037rh4ls4l95nlfi 
       foreign key (product_id) 
       references domain.products
Hibernate: 
    alter table if exists domain.orders 
       add constraint FKpxtb8awmi0dk6smoh2vp1litg 
       foreign key (customer_id) 
       references domain.customers
2026-05-12T13:20:51.756+01:00  INFO 24060 --- [domain-service] [           main] j.LocalContainerEntityManagerFactoryBean : Initialized JPA EntityManagerFactory for persistence unit 'default'
2026-05-12T13:20:53.369+01:00  WARN 24060 --- [domain-service] [           main] JpaBaseConfiguration$JpaWebConfiguration : spring.jpa.open-in-view is enabled by default. Therefore, database queries may be performed during view rendering. Explicitly configure spring.jpa.open-in-view to disable this warning
2026-05-12T13:20:54.430+01:00  INFO 24060 --- [domain-service] [           main] o.s.b.a.h2.H2ConsoleAutoConfiguration    : H2 console available at '/h2-console'. Database available at 'jdbc:h2:mem:testdb'
2026-05-12T13:20:54.718+01:00  INFO 24060 --- [domain-service] [           main] o.a.k.clients.consumer.ConsumerConfig    : ConsumerConfig values: 
	allow.auto.create.topics = true
	auto.commit.interval.ms = 5000
	auto.include.jmx.reporter = true
	auto.offset.reset = latest
	bootstrap.servers = [localhost:9092]
	check.crcs = true
	client.dns.lookup = use_all_dns_ips
	client.id = consumer-domain-service-dlt-1
	client.rack = 
	connections.max.idle.ms = 540000
	default.api.timeout.ms = 60000
	enable.auto.commit = false
	exclude.internal.topics = true
	fetch.max.bytes = 52428800
	fetch.max.wait.ms = 500
	fetch.min.bytes = 1
	group.id = domain-service-dlt
	group.instance.id = null
	heartbeat.interval.ms = 3000
	interceptor.classes = []
	internal.leave.group.on.close = true
	internal.throw.on.fetch.stable.offset.unsupported = false
	isolation.level = read_uncommitted
	key.deserializer = class org.apache.kafka.common.serialization.StringDeserializer
	max.partition.fetch.bytes = 1048576
	max.poll.interval.ms = 300000
	max.poll.records = 500
	metadata.max.age.ms = 300000
	metric.reporters = []
	metrics.num.samples = 2
	metrics.recording.level = INFO
	metrics.sample.window.ms = 30000
	partition.assignment.strategy = [class org.apache.kafka.clients.consumer.RangeAssignor, class org.apache.kafka.clients.consumer.CooperativeStickyAssignor]
	receive.buffer.bytes = 65536
	reconnect.backoff.max.ms = 1000
	reconnect.backoff.ms = 50
	request.timeout.ms = 30000
	retry.backoff.ms = 100
	sasl.client.callback.handler.class = null
	sasl.jaas.config = null
	sasl.kerberos.kinit.cmd = /usr/bin/kinit
	sasl.kerberos.min.time.before.relogin = 60000
	sasl.kerberos.service.name = null
	sasl.kerberos.ticket.renew.jitter = 0.05
	sasl.kerberos.ticket.renew.window.factor = 0.8
	sasl.login.callback.handler.class = null
	sasl.login.class = null
	sasl.login.connect.timeout.ms = null
	sasl.login.read.timeout.ms = null
	sasl.login.refresh.buffer.seconds = 300
	sasl.login.refresh.min.period.seconds = 60
	sasl.login.refresh.window.factor = 0.8
	sasl.login.refresh.window.jitter = 0.05
	sasl.login.retry.backoff.max.ms = 10000
	sasl.login.retry.backoff.ms = 100
	sasl.mechanism = GSSAPI
	sasl.oauthbearer.clock.skew.seconds = 30
	sasl.oauthbearer.expected.audience = null
	sasl.oauthbearer.expected.issuer = null
	sasl.oauthbearer.jwks.endpoint.refresh.ms = 3600000
	sasl.oauthbearer.jwks.endpoint.retry.backoff.max.ms = 10000
	sasl.oauthbearer.jwks.endpoint.retry.backoff.ms = 100
	sasl.oauthbearer.jwks.endpoint.url = null
	sasl.oauthbearer.scope.claim.name = scope
	sasl.oauthbearer.sub.claim.name = sub
	sasl.oauthbearer.token.endpoint.url = null
	security.protocol = PLAINTEXT
	security.providers = null
	send.buffer.bytes = 131072
	session.timeout.ms = 45000
	socket.connection.setup.timeout.max.ms = 30000
	socket.connection.setup.timeout.ms = 10000
	ssl.cipher.suites = null
	ssl.enabled.protocols = [TLSv1.2, TLSv1.3]
	ssl.endpoint.identification.algorithm = https
	ssl.engine.factory.class = null
	ssl.key.password = null
	ssl.keymanager.algorithm = SunX509
	ssl.keystore.certificate.chain = null
	ssl.keystore.key = null
	ssl.keystore.location = null
	ssl.keystore.password = null
	ssl.keystore.type = JKS
	ssl.protocol = TLSv1.3
	ssl.provider = null
	ssl.secure.random.implementation = null
	ssl.trustmanager.algorithm = PKIX
	ssl.truststore.certificates = null
	ssl.truststore.location = null
	ssl.truststore.password = null
	ssl.truststore.type = JKS
	value.deserializer = class org.apache.kafka.common.serialization.StringDeserializer

2026-05-12T13:20:54.915+01:00  INFO 24060 --- [domain-service] [           main] o.a.kafka.common.utils.AppInfoParser     : Kafka version: 3.6.2
2026-05-12T13:20:54.915+01:00  INFO 24060 --- [domain-service] [           main] o.a.kafka.common.utils.AppInfoParser     : Kafka commitId: c4deed513057c94e
2026-05-12T13:20:54.915+01:00  INFO 24060 --- [domain-service] [           main] o.a.kafka.common.utils.AppInfoParser     : Kafka startTimeMs: 1778588454913
2026-05-12T13:20:54.927+01:00  INFO 24060 --- [domain-service] [           main] fkaConsumerFactory$ExtendedKafkaConsumer : [Consumer clientId=consumer-domain-service-dlt-1, groupId=domain-service-dlt] Subscribed to topic(s): domain.events.DLT
2026-05-12T13:20:54.945+01:00  INFO 24060 --- [domain-service] [           main] c.k.d.services.OrderServiceOutboxTest    : Started OrderServiceOutboxTest in 8.127 seconds (process running for 9.178)
Hibernate: 
    select
        c1_0.id,
        c1_0.address,
        c1_0.created_at,
        c1_0.email,
        c1_0.name,
        c1_0.phone,
        c1_0.updated_at 
    from
        domain.customers c1_0 
    where
        c1_0.id=?
Hibernate: 
    select
        o1_0.id,
        o1_0.created_at,
        o1_0.customer_id,
        o1_0.notes,
        o1_0.status,
        o1_0.total_amount,
        o1_0.updated_at 
    from
        domain.orders o1_0
]]></system-out>
    <system-err><![CDATA[WARNING: A Java agent has been loaded dynamically (C:\Users\shhernandez.INDRA\.m2\repository\net\bytebuddy\byte-buddy-agent\1.14.13\byte-buddy-agent-1.14.13.jar)
WARNING: If a serviceability tool is in use, please run with -XX:+EnableDynamicAgentLoading to hide this warning
WARNING: If a serviceability tool is not in use, please run with -Djdk.instrument.traceUsage for more information
WARNING: Dynamic loading of agents will be disallowed by default in a future release
]]></system-err>
  </testcase>
</testsuite>