<?xml version="1.0" encoding="UTF-8"?>
<testsuite xmlns:xsi="http://www.w3.org/2001/XMLSchema-instance" xsi:noNamespaceSchemaLocation="https://maven.apache.org/surefire/maven-surefire-plugin/xsd/surefire-test-report.xsd" version="3.0.2" name="com.kafkaeventdriven.domain.controllers.OrderControllerIT" time="5.606" tests="1" errors="0" skipped="0" failures="0">
  <properties>
[...]
</properties>
  <testcase name="shouldCreateOrderSuccessfully" classname="com.kafkaeventdriven.domain.controllers.OrderControllerIT" time="0.753">
    <system-out><![CDATA[09:20:02.244 [main] INFO org.springframework.test.context.support.AnnotationConfigContextLoaderUtils -- Could not detect default configuration classes for test class [com.kafkaeventdriven.domain.controllers.OrderControllerIT]: OrderControllerIT does not declare any static, non-private, non-final, nested classes annotated with @Configuration.
09:20:02.367 [main] INFO org.springframework.boot.test.context.SpringBootTestContextBootstrapper -- Found @SpringBootConfiguration com.kafkaeventdriven.domain.DomainApplication for test class com.kafkaeventdriven.domain.controllers.OrderControllerIT

  .   ____          _            __ _ _
 /\\ / ___'_ __ _ _(_)_ __  __ _ \ \ \ \
( ( )\___ | '_ | '_| | '_ \/ _` | \ \ \ \
 \\/  ___)| |_)| | | | | || (_| |  ) ) ) )
  '  |____| .__|_| |_|_| |_\__, | / / / /
 =========|_|==============|___/=/_/_/_/
 :: Spring Boot ::                (v3.2.5)

2026-04-22T09:20:02.749+01:00  INFO 25288 --- [domain-service] [           main] c.k.d.controllers.OrderControllerIT      : Starting OrderControllerIT using Java 21.0.9 with PID 25288 (started by shhernandez in C:\Users\shhernandez.INDRA\Documents\kafkaEventiDrivenPlatform\kafka-eventdriven-platform\domain-service)
2026-04-22T09:20:02.750+01:00  INFO 25288 --- [domain-service] [           main] c.k.d.controllers.OrderControllerIT      : No active profile set, falling back to 1 default profile: "default"
2026-04-22T09:20:03.496+01:00  INFO 25288 --- [domain-service] [           main] .s.d.r.c.RepositoryConfigurationDelegate : Bootstrapping Spring Data JPA repositories in DEFAULT mode.
2026-04-22T09:20:03.559+01:00  INFO 25288 --- [domain-service] [           main] .s.d.r.c.RepositoryConfigurationDelegate : Finished Spring Data repository scanning in 54 ms. Found 3 JPA repository interfaces.
2026-04-22T09:20:03.963+01:00  INFO 25288 --- [domain-service] [           main] com.zaxxer.hikari.HikariDataSource       : HikariPool-1 - Starting...
2026-04-22T09:20:04.173+01:00  INFO 25288 --- [domain-service] [           main] com.zaxxer.hikari.pool.HikariPool        : HikariPool-1 - Added connection org.postgresql.jdbc.PgConnection@76437e9b
2026-04-22T09:20:04.175+01:00  INFO 25288 --- [domain-service] [           main] com.zaxxer.hikari.HikariDataSource       : HikariPool-1 - Start completed.
2026-04-22T09:20:04.263+01:00  INFO 25288 --- [domain-service] [           main] o.f.c.internal.license.VersionPrinter    : Flyway Community Edition 9.22.3 by Redgate
2026-04-22T09:20:04.263+01:00  INFO 25288 --- [domain-service] [           main] o.f.c.internal.license.VersionPrinter    : See release notes here: https://rd.gt/416ObMi
2026-04-22T09:20:04.263+01:00  INFO 25288 --- [domain-service] [           main] o.f.c.internal.license.VersionPrinter    : 
2026-04-22T09:20:04.288+01:00  INFO 25288 --- [domain-service] [           main] org.flywaydb.core.FlywayExecutor         : Database: jdbc:postgresql://localhost:5432/kafkaplatform (PostgreSQL 16.13)
2026-04-22T09:20:04.303+01:00  WARN 25288 --- [domain-service] [           main] o.f.c.internal.database.base.Database    : Flyway upgrade recommended: PostgreSQL 16.13 is newer than this version of Flyway and support has not been tested. The latest supported version of PostgreSQL is 15.
2026-04-22T09:20:04.373+01:00  INFO 25288 --- [domain-service] [           main] o.f.core.internal.command.DbValidate     : Successfully validated 2 migrations (execution time 00:00.050s)
2026-04-22T09:20:04.406+01:00  INFO 25288 --- [domain-service] [           main] o.f.core.internal.command.DbMigrate      : Current version of schema "domain": 1
2026-04-22T09:20:04.412+01:00  INFO 25288 --- [domain-service] [           main] o.f.core.internal.command.DbMigrate      : Schema "domain" is up to date. No migration necessary.
2026-04-22T09:20:04.561+01:00  INFO 25288 --- [domain-service] [           main] o.hibernate.jpa.internal.util.LogHelper  : HHH000204: Processing PersistenceUnitInfo [name: default]
2026-04-22T09:20:04.644+01:00  INFO 25288 --- [domain-service] [           main] org.hibernate.Version                    : HHH000412: Hibernate ORM core version 6.4.4.Final
2026-04-22T09:20:04.680+01:00  INFO 25288 --- [domain-service] [           main] o.h.c.internal.RegionFactoryInitiator    : HHH000026: Second-level cache disabled
2026-04-22T09:20:04.862+01:00  INFO 25288 --- [domain-service] [           main] o.s.o.j.p.SpringPersistenceUnitInfo      : No LoadTimeWeaver setup: ignoring JPA class transformer
2026-04-22T09:20:04.921+01:00  WARN 25288 --- [domain-service] [           main] org.hibernate.orm.deprecation            : HHH90000025: PostgreSQLDialect does not need to be specified explicitly using 'hibernate.dialect' (remove the property setting and it will be selected by default)
2026-04-22T09:20:05.730+01:00  INFO 25288 --- [domain-service] [           main] o.h.e.t.j.p.i.JtaPlatformInitiator       : HHH000489: No JTA platform available (set 'hibernate.transaction.jta.platform' to enable JTA platform integration)
2026-04-22T09:20:05.775+01:00  INFO 25288 --- [domain-service] [           main] j.LocalContainerEntityManagerFactoryBean : Initialized JPA EntityManagerFactory for persistence unit 'default'
2026-04-22T09:20:06.413+01:00  WARN 25288 --- [domain-service] [           main] JpaBaseConfiguration$JpaWebConfiguration : spring.jpa.open-in-view is enabled by default. Therefore, database queries may be performed during view rendering. Explicitly configure spring.jpa.open-in-view to disable this warning
2026-04-22T09:20:06.908+01:00  INFO 25288 --- [domain-service] [           main] o.s.b.t.m.w.SpringBootMockServletContext : Initializing Spring TestDispatcherServlet ''
2026-04-22T09:20:06.908+01:00  INFO 25288 --- [domain-service] [           main] o.s.t.web.servlet.TestDispatcherServlet  : Initializing Servlet ''
2026-04-22T09:20:06.911+01:00  INFO 25288 --- [domain-service] [           main] o.s.t.web.servlet.TestDispatcherServlet  : Completed initialization in 1 ms
2026-04-22T09:20:06.929+01:00  INFO 25288 --- [domain-service] [           main] c.k.d.controllers.OrderControllerIT      : Started OrderControllerIT in 4.402 seconds (process running for 5.47)
Hibernate: 
    select
        c1_0.id,
        c1_0.address,
        c1_0.created_at,
        c1_0.email,
        c1_0.name,
        c1_0.phone,
        c1_0.updated_at 
    from
        domain.customers c1_0 
    where
        c1_0.id=?
Hibernate: 
    select
        p1_0.id,
        p1_0.category,
        p1_0.created_at,
        p1_0.description,
        p1_0.name,
        p1_0.price,
        p1_0.status,
        p1_0.stock,
        p1_0.updated_at 
    from
        domain.products p1_0 
    where
        p1_0.id=?
Hibernate: 
    insert 
    into
        domain.orders
        (created_at, customer_id, notes, status, total_amount, updated_at, id) 
    values
        (?, ?, ?, ?, ?, ?, ?)
Hibernate: 
    insert 
    into
        domain.order_items
        (order_id, product_id, quantity, unit_price, id) 
    values
        (?, ?, ?, ?, ?)
]]></system-out>
    <system-err><![CDATA[WARNING: A Java agent has been loaded dynamically (C:\Users\shhernandez.INDRA\.m2\repository\net\bytebuddy\byte-buddy-agent\1.14.9\byte-buddy-agent-1.14.9.jar)
WARNING: If a serviceability tool is in use, please run with -XX:+EnableDynamicAgentLoading to hide this warning
WARNING: If a serviceability tool is not in use, please run with -Djdk.instrument.traceUsage for more information
WARNING: Dynamic loading of agents will be disallowed by default in a future release
]]></system-err>
  </testcase>
</testsuite>