<?xml version="1.0" encoding="UTF-8"?>
<testsuite xmlns:xsi="http://www.w3.org/2001/XMLSchema-instance" xsi:noNamespaceSchemaLocation="https://maven.apache.org/surefire/maven-surefire-plugin/xsd/surefire-test-report.xsd" version="3.0.2" name="com.kafkaeventdriven.events.EventSerializationTest" time="0.291" tests="5" errors="0" skipped="0" failures="0">
  <properties>
[...]
</properties>
  <testcase name="shouldSerializeAndDeserializeEnrichedEvent" classname="com.kafkaeventdriven.events.EventSerializationTest" time="0.114"/>
  <testcase name="shouldSerializeInstantAsIso8601" classname="com.kafkaeventdriven.events.EventSerializationTest" time="0.006"/>
  <testcase name="shouldSerializeAndDeserializeOrderCreatedEvent" classname="com.kafkaeventdriven.events.EventSerializationTest" time="0.027">
    <system-out><![CDATA[JSON Result: {"eventId":"d999689d-7cfc-41d9-ae63-cf334dc3efac","eventType":"ORDER_CREATED","occurredAt":1776699868.236187600,"publishedAt":null,"source":"domain-service","correlationId":null,"version":"v1","orderId":"b3d2b6f5-6682-4776-b507-a4c3a7195ca9","customerId":"5b4f103b-5814-4913-bb7d-d7513be9b41e","customerEmail":"test@example.com","items":[{"productId":"5ae86e7c-bb67-4d40-9706-7fecab5f7b6e","productName":"Teclado Mecánico","quantity":1,"unitPrice":150.50}],"totalAmount":150.50,"status":"PENDING"}
]]></system-out>
  </testcase>
  <testcase name="shouldSerializeAndDeserializeNotificationEvent" classname="com.kafkaeventdriven.events.EventSerializationTest" time="0.006"/>
  <testcase name="shouldIgnoreUnknownProperties" classname="com.kafkaeventdriven.events.EventSerializationTest" time="0.003"/>
</testsuite>